[2024-09-11T13:42:46.324+0000] {manager.py:486} INFO - Processing files using up to 2 processes at a time 
[2024-09-11T13:42:46.326+0000] {manager.py:487} INFO - Process each file at most once every 30 seconds
[2024-09-11T13:42:46.330+0000] {manager.py:488} INFO - Checking for new files in /opt/airflow/dags every 300 seconds
[2024-09-11T13:42:46.331+0000] {manager.py:832} INFO - Searching for files in /opt/airflow/dags
[2024-09-11T13:42:46.340+0000] {manager.py:835} INFO - There are 0 files in /opt/airflow/dags
[2024-09-11T13:44:01.718+0000] {manager.py:468} INFO - Exiting gracefully upon receiving signal 15
[2024-09-11T14:07:28.602+0000] {manager.py:486} INFO - Processing files using up to 2 processes at a time 
[2024-09-11T14:07:28.604+0000] {manager.py:487} INFO - Process each file at most once every 30 seconds
[2024-09-11T14:07:28.607+0000] {manager.py:488} INFO - Checking for new files in /opt/airflow/dags every 300 seconds
[2024-09-11T14:07:28.609+0000] {manager.py:832} INFO - Searching for files in /opt/airflow/dags
[2024-09-11T14:07:28.616+0000] {manager.py:835} INFO - There are 0 files in /opt/airflow/dags
[2024-09-11T14:09:07.326+0000] {manager.py:468} INFO - Exiting gracefully upon receiving signal 15
[2024-09-11T14:26:04.452+0000] {manager.py:487} INFO - Processing files using up to 2 processes at a time 
[2024-09-11T14:26:04.454+0000] {manager.py:488} INFO - Process each file at most once every 30 seconds
[2024-09-11T14:26:04.457+0000] {manager.py:489} INFO - Checking for new files in /opt/airflow/dags every 300 seconds
[2024-09-11T14:26:04.460+0000] {manager.py:759} INFO - Searching for files in /opt/airflow/dags
[2024-09-11T14:26:04.472+0000] {manager.py:762} INFO - There are 0 files in /opt/airflow/dags
[2024-09-11T14:27:58.434+0000] {manager.py:469} INFO - Exiting gracefully upon receiving signal 15
[2024-09-11T14:28:42.362+0000] {manager.py:487} INFO - Processing files using up to 2 processes at a time 
[2024-09-11T14:28:42.365+0000] {manager.py:488} INFO - Process each file at most once every 30 seconds
[2024-09-11T14:28:42.367+0000] {manager.py:489} INFO - Checking for new files in /opt/airflow/dags every 300 seconds
[2024-09-11T14:28:42.371+0000] {manager.py:759} INFO - Searching for files in /opt/airflow/dags
[2024-09-11T14:28:42.379+0000] {manager.py:762} INFO - There are 0 files in /opt/airflow/dags
[2024-09-11T14:33:42.732+0000] {manager.py:759} INFO - Searching for files in /opt/airflow/dags
[2024-09-11T14:33:42.738+0000] {manager.py:762} INFO - There are 0 files in /opt/airflow/dags
[2024-09-11T14:33:56.500+0000] {manager.py:469} INFO - Exiting gracefully upon receiving signal 15
[2024-09-11T14:36:00.809+0000] {manager.py:487} INFO - Processing files using up to 2 processes at a time 
[2024-09-11T14:36:00.811+0000] {manager.py:488} INFO - Process each file at most once every 30 seconds
[2024-09-11T14:36:00.813+0000] {manager.py:489} INFO - Checking for new files in /opt/airflow/dags every 300 seconds
[2024-09-11T14:36:00.814+0000] {manager.py:759} INFO - Searching for files in /opt/airflow/dags
[2024-09-11T14:36:00.819+0000] {manager.py:762} INFO - There are 0 files in /opt/airflow/dags
[2024-09-11T14:41:01.169+0000] {manager.py:759} INFO - Searching for files in /opt/airflow/dags
[2024-09-11T14:41:01.174+0000] {manager.py:762} INFO - There are 0 files in /opt/airflow/dags
[2024-09-11T14:41:04.815+0000] {manager.py:469} INFO - Exiting gracefully upon receiving signal 15
[2024-09-11T14:54:50.003+0000] {manager.py:487} INFO - Processing files using up to 2 processes at a time 
[2024-09-11T14:54:50.005+0000] {manager.py:488} INFO - Process each file at most once every 30 seconds
[2024-09-11T14:54:50.007+0000] {manager.py:489} INFO - Checking for new files in /opt/airflow/dags every 300 seconds
[2024-09-11T14:54:50.009+0000] {manager.py:759} INFO - Searching for files in /opt/airflow/dags
[2024-09-11T14:54:50.019+0000] {manager.py:762} INFO - There are 0 files in /opt/airflow/dags
[2024-09-11T14:55:49.862+0000] {manager.py:469} INFO - Exiting gracefully upon receiving signal 15
[2024-09-11T14:56:48.437+0000] {manager.py:487} INFO - Processing files using up to 2 processes at a time 
[2024-09-11T14:56:48.440+0000] {manager.py:488} INFO - Process each file at most once every 30 seconds
[2024-09-11T14:56:48.442+0000] {manager.py:489} INFO - Checking for new files in /opt/airflow/dags every 300 seconds
[2024-09-11T14:56:48.444+0000] {manager.py:759} INFO - Searching for files in /opt/airflow/dags
[2024-09-11T14:56:48.458+0000] {manager.py:762} INFO - There are 0 files in /opt/airflow/dags
[2024-09-11T14:57:21.791+0000] {manager.py:469} INFO - Exiting gracefully upon receiving signal 15
[2024-09-11T14:58:04.798+0000] {manager.py:487} INFO - Processing files using up to 2 processes at a time 
[2024-09-11T14:58:04.800+0000] {manager.py:488} INFO - Process each file at most once every 30 seconds
[2024-09-11T14:58:04.802+0000] {manager.py:489} INFO - Checking for new files in /opt/airflow/dags every 300 seconds
[2024-09-11T14:58:04.804+0000] {manager.py:759} INFO - Searching for files in /opt/airflow/dags
[2024-09-11T14:58:04.811+0000] {manager.py:762} INFO - There are 0 files in /opt/airflow/dags
[2024-09-11T14:58:18.100+0000] {manager.py:469} INFO - Exiting gracefully upon receiving signal 15
[2024-09-11T14:59:05.012+0000] {manager.py:487} INFO - Processing files using up to 2 processes at a time 
[2024-09-11T14:59:05.013+0000] {manager.py:488} INFO - Process each file at most once every 30 seconds
[2024-09-11T14:59:05.014+0000] {manager.py:489} INFO - Checking for new files in /opt/airflow/dags every 300 seconds
[2024-09-11T14:59:05.016+0000] {manager.py:759} INFO - Searching for files in /opt/airflow/dags
[2024-09-11T14:59:05.022+0000] {manager.py:762} INFO - There are 0 files in /opt/airflow/dags
[2024-09-11T15:01:24.088+0000] {manager.py:469} INFO - Exiting gracefully upon receiving signal 15
[2024-09-11T15:03:52.066+0000] {manager.py:487} INFO - Processing files using up to 2 processes at a time 
[2024-09-11T15:03:52.068+0000] {manager.py:488} INFO - Process each file at most once every 30 seconds
[2024-09-11T15:03:52.070+0000] {manager.py:489} INFO - Checking for new files in /opt/airflow/dags every 300 seconds
[2024-09-11T15:03:52.073+0000] {manager.py:759} INFO - Searching for files in /opt/airflow/dags
[2024-09-11T15:03:52.084+0000] {manager.py:762} INFO - There are 0 files in /opt/airflow/dags
[2024-09-11T15:06:24.710+0000] {manager.py:469} INFO - Exiting gracefully upon receiving signal 15
[2024-09-11T15:07:48.472+0000] {manager.py:487} INFO - Processing files using up to 2 processes at a time 
[2024-09-11T15:07:48.473+0000] {manager.py:488} INFO - Process each file at most once every 30 seconds
[2024-09-11T15:07:48.475+0000] {manager.py:489} INFO - Checking for new files in /opt/airflow/dags every 300 seconds
[2024-09-11T15:07:48.478+0000] {manager.py:759} INFO - Searching for files in /opt/airflow/dags
[2024-09-11T15:07:48.485+0000] {manager.py:762} INFO - There are 0 files in /opt/airflow/dags
